/services/tools/quast/5.0.2/quast.pyc -t 4 --min-contig 1000 merged_long_hybrid/DTU_2021_1010100_1_MG_Nuuk_ID116_S2_StV23B_5_10_out2/DTU_2021_1010100_1_MG_Nuuk_ID116_S2_StV23B_5_10_out2_assembly.fasta.gz merged_long_hybrid/DTU_2021_1010012_1_MG_Nar_ID18_SFB_P5_5_10/DTU_2021_1010012_1_MG_Nar_ID18_SFB_P5_5_10_assembly.fasta.gz merged_long_hybrid/DTU_2021_1010067_1_MG_Nuuk_ID81_S1_StV23C_5_10_out2/DTU_2021_1010067_1_MG_Nuuk_ID81_S1_StV23C_5_10_out2_assembly.fasta.gz merged_long_hybrid/DTU_2021_1010184_1_MG_Nuuk_ID207_S4_StV26A_0_5_inf3/DTU_2021_1010184_1_MG_Nuuk_ID207_S4_StV26A_0_5_inf3_assembly.fasta.gz merged_long_hybrid/DTU_2021_1010216_1_MG_Ser_ID454_0_Cli1/DTU_2021_1010216_1_MG_Ser_ID454_0_Cli1_assembly.fasta.gz merged_long_hybrid/DTU_2021_1010143_1_MG_Nuuk_ID161_S3_StV24A_51_5955_mid12/DTU_2021_1010143_1_MG_Nuuk_ID161_S3_StV24A_51_5955_mid12_assembly.fasta.gz merged_long_hybrid/DTU_2021_1010148_1_MG_Nuuk_ID166_S3_StV24A_63_7165_mid17/DTU_2021_1010148_1_MG_Nuuk_ID166_S3_StV24A_63_7165_mid17_assembly.fasta.gz merged_long_hybrid/DTU_2021_1010197_1_MG_Nuuk_ID220_S4_StV26A_5_10_inf16/DTU_2021_1010197_1_MG_Nuuk_ID220_S4_StV26A_5_10_inf16_assembly.fasta.gz merged_long_hybrid/DTU_2021_1010173_1_MG_Nuuk_ID191_S5_StNuuk_70_mid21/DTU_2021_1010173_1_MG_Nuuk_ID191_S5_StNuuk_70_mid21_assembly.fasta.gz merged_long_hybrid/DTU_2021_1010144_1_MG_Nuuk_ID162_S3_StV24A_59_6360_mid13/DTU_2021_1010144_1_MG_Nuuk_ID162_S3_StV24A_59_6360_mid13_assembly.fasta.gz merged_long_hybrid/DTU_2021_1010219_1_MG_Ser_ID457_0_Cli4/DTU_2021_1010219_1_MG_Ser_ID457_0_Cli4_assembly.fasta.gz merged_long_hybrid/DTU_2021_1010001_1_MG_Nar_ID2_SFA_P1_5_10/DTU_2021_1010001_1_MG_Nar_ID2_SFA_P1_5_10_assembly.fasta.gz merged_long_hybrid/DTU_2021_1010095_1_MG_Nuuk_ID111_S2_StV23B_5_10_inf8/DTU_2021_1010095_1_MG_Nuuk_ID111_S2_StV23B_5_10_inf8_assembly.fasta.gz merged_long_hybrid/DTU_2021_1010135_1_MG_Nuuk_ID153_S3_StV24A_19_4130_mid4/DTU_2021_1010135_1_MG_Nuuk_ID153_S3_StV24A_19_4130_mid4_assembly.fasta.gz merged_long_hybrid/DTU_2021_1010063_1_MG_Nuuk_ID77_S1_StV23C_0_5_inf9/DTU_2021_1010063_1_MG_Nuuk_ID77_S1_StV23C_0_5_inf9_assembly.fasta.gz merged_long_hybrid/DTU_2021_1010209_1_MG_Ser_ID446_0_5_Sed1/DTU_2021_1010209_1_MG_Ser_ID446_0_5_Sed1_assembly.fasta.gz merged_long_hybrid/DTU_2021_1010119_1_MG_Nuuk_ID137_S3_StV24A_0_5_inf9/DTU_2021_1010119_1_MG_Nuuk_ID137_S3_StV24A_0_5_inf9_assembly.fasta.gz merged_long_hybrid/DTU_2021_1010073_1_MG_Nuuk_ID87_S1_StV23C_5_10_out8/DTU_2021_1010073_1_MG_Nuuk_ID87_S1_StV23C_5_10_out8_assembly.fasta.gz -o /home/projects/cge/data/projects/1214/quast/merged_long_hybrid --labels "DTU_2021_1010100_1_MG_Nuuk_ID116_S2_StV23B_5_10_out2_assembly, DTU_2021_1010012_1_MG_Nar_ID18_SFB_P5_5_10_assembly, DTU_2021_1010067_1_MG_Nuuk_ID81_S1_StV23C_5_10_out2_assembly, DTU_2021_1010184_1_MG_Nuuk_ID207_S4_StV26A_0_5_inf3_assembly, DTU_2021_1010216_1_MG_Ser_ID454_0_Cli1_assembly, DTU_2021_1010143_1_MG_Nuuk_ID161_S3_StV24A_51_5955_mid12_assembly, DTU_2021_1010148_1_MG_Nuuk_ID166_S3_StV24A_63_7165_mid17_assembly, DTU_2021_1010197_1_MG_Nuuk_ID220_S4_StV26A_5_10_inf16_assembly, DTU_2021_1010173_1_MG_Nuuk_ID191_S5_StNuuk_70_mid21_assembly, DTU_2021_1010144_1_MG_Nuuk_ID162_S3_StV24A_59_6360_mid13_assembly, DTU_2021_1010219_1_MG_Ser_ID457_0_Cli4_assembly, DTU_2021_1010001_1_MG_Nar_ID2_SFA_P1_5_10_assembly, DTU_2021_1010095_1_MG_Nuuk_ID111_S2_StV23B_5_10_inf8_assembly, DTU_2021_1010135_1_MG_Nuuk_ID153_S3_StV24A_19_4130_mid4_assembly, DTU_2021_1010063_1_MG_Nuuk_ID77_S1_StV23C_0_5_inf9_assembly, DTU_2021_1010209_1_MG_Ser_ID446_0_5_Sed1_assembly, DTU_2021_1010119_1_MG_Nuuk_ID137_S3_StV24A_0_5_inf9_assembly, DTU_2021_1010073_1_MG_Nuuk_ID87_S1_StV23C_5_10_out8_assembly"

Version: 5.0.2

System information:
  OS: Linux-3.10.0-1062.4.1.el7.x86_64-x86_64-with-centos-7.8.2003-Core (linux_64)
  Python version: 2.7.15
  CPUs number: 40

Started: 2022-03-18 12:28:31

Logging to /home/projects/cge/data/projects/1214/quast/merged_long_hybrid/quast.log
NOTICE: Output directory already exists and looks like a QUAST output dir. Existing results can be reused (e.g. previously generated alignments)!

CWD: /home/projects/cge/data/projects/1214
Main parameters: 
  MODE: meta, threads: 4, minimum contig length: 1000, minimum alignment length: 65, \
  ambiguity: one, threshold for extensive misassembly size: 1000

Contigs:
  Pre-processing...
  1  merged_long_hybrid/DTU_2021_1010100_1_MG_Nuuk_ID116_S2_StV23B_5_10_out2/DTU_2021_1010100_1_MG_Nuuk_ID116_S2_StV23B_5_10_out2_assembly.fasta.gz ==> DTU_2021_1010100_1_MG_Nuuk_ID116_S2_StV23B_5_10_out2_assembly
  2  merged_long_hybrid/DTU_2021_1010012_1_MG_Nar_ID18_SFB_P5_5_10/DTU_2021_1010012_1_MG_Nar_ID18_SFB_P5_5_10_assembly.fasta.gz ==> DTU_2021_1010012_1_MG_Nar_ID18_SFB_P5_5_10_assembly
  3  merged_long_hybrid/DTU_2021_1010067_1_MG_Nuuk_ID81_S1_StV23C_5_10_out2/DTU_2021_1010067_1_MG_Nuuk_ID81_S1_StV23C_5_10_out2_assembly.fasta.gz ==> DTU_2021_1010067_1_MG_Nuuk_ID81_S1_StV23C_5_10_out2_assembly
  4  merged_long_hybrid/DTU_2021_1010184_1_MG_Nuuk_ID207_S4_StV26A_0_5_inf3/DTU_2021_1010184_1_MG_Nuuk_ID207_S4_StV26A_0_5_inf3_assembly.fasta.gz ==> DTU_2021_1010184_1_MG_Nuuk_ID207_S4_StV26A_0_5_inf3_assembly
  5  merged_long_hybrid/DTU_2021_1010216_1_MG_Ser_ID454_0_Cli1/DTU_2021_1010216_1_MG_Ser_ID454_0_Cli1_assembly.fasta.gz ==> DTU_2021_1010216_1_MG_Ser_ID454_0_Cli1_assembly
  6  merged_long_hybrid/DTU_2021_1010143_1_MG_Nuuk_ID161_S3_StV24A_51_5955_mid12/DTU_2021_1010143_1_MG_Nuuk_ID161_S3_StV24A_51_5955_mid12_assembly.fasta.gz ==> DTU_2021_1010143_1_MG_Nuuk_ID161_S3_StV24A_51_5955_mid12_assembly
  7  merged_long_hybrid/DTU_2021_1010148_1_MG_Nuuk_ID166_S3_StV24A_63_7165_mid17/DTU_2021_1010148_1_MG_Nuuk_ID166_S3_StV24A_63_7165_mid17_assembly.fasta.gz ==> DTU_2021_1010148_1_MG_Nuuk_ID166_S3_StV24A_63_7165_mid17_assembly
  8  merged_long_hybrid/DTU_2021_1010197_1_MG_Nuuk_ID220_S4_StV26A_5_10_inf16/DTU_2021_1010197_1_MG_Nuuk_ID220_S4_StV26A_5_10_inf16_assembly.fasta.gz ==> DTU_2021_1010197_1_MG_Nuuk_ID220_S4_StV26A_5_10_inf16_assembly
  9  merged_long_hybrid/DTU_2021_1010173_1_MG_Nuuk_ID191_S5_StNuuk_70_mid21/DTU_2021_1010173_1_MG_Nuuk_ID191_S5_StNuuk_70_mid21_assembly.fasta.gz ==> DTU_2021_1010173_1_MG_Nuuk_ID191_S5_StNuuk_70_mid21_assembly
  10 merged_long_hybrid/DTU_2021_1010144_1_MG_Nuuk_ID162_S3_StV24A_59_6360_mid13/DTU_2021_1010144_1_MG_Nuuk_ID162_S3_StV24A_59_6360_mid13_assembly.fasta.gz ==> DTU_2021_1010144_1_MG_Nuuk_ID162_S3_StV24A_59_6360_mid13_assembly
  11 merged_long_hybrid/DTU_2021_1010219_1_MG_Ser_ID457_0_Cli4/DTU_2021_1010219_1_MG_Ser_ID457_0_Cli4_assembly.fasta.gz ==> DTU_2021_1010219_1_MG_Ser_ID457_0_Cli4_assembly
  12 merged_long_hybrid/DTU_2021_1010001_1_MG_Nar_ID2_SFA_P1_5_10/DTU_2021_1010001_1_MG_Nar_ID2_SFA_P1_5_10_assembly.fasta.gz ==> DTU_2021_1010001_1_MG_Nar_ID2_SFA_P1_5_10_assembly
  13 merged_long_hybrid/DTU_2021_1010095_1_MG_Nuuk_ID111_S2_StV23B_5_10_inf8/DTU_2021_1010095_1_MG_Nuuk_ID111_S2_StV23B_5_10_inf8_assembly.fasta.gz ==> DTU_2021_1010095_1_MG_Nuuk_ID111_S2_StV23B_5_10_inf8_assembly
  14 merged_long_hybrid/DTU_2021_1010135_1_MG_Nuuk_ID153_S3_StV24A_19_4130_mid4/DTU_2021_1010135_1_MG_Nuuk_ID153_S3_StV24A_19_4130_mid4_assembly.fasta.gz ==> DTU_2021_1010135_1_MG_Nuuk_ID153_S3_StV24A_19_4130_mid4_assembly
  15 merged_long_hybrid/DTU_2021_1010063_1_MG_Nuuk_ID77_S1_StV23C_0_5_inf9/DTU_2021_1010063_1_MG_Nuuk_ID77_S1_StV23C_0_5_inf9_assembly.fasta.gz ==> DTU_2021_1010063_1_MG_Nuuk_ID77_S1_StV23C_0_5_inf9_assembly
  16 merged_long_hybrid/DTU_2021_1010209_1_MG_Ser_ID446_0_5_Sed1/DTU_2021_1010209_1_MG_Ser_ID446_0_5_Sed1_assembly.fasta.gz ==> DTU_2021_1010209_1_MG_Ser_ID446_0_5_Sed1_assembly
  17 merged_long_hybrid/DTU_2021_1010119_1_MG_Nuuk_ID137_S3_StV24A_0_5_inf9/DTU_2021_1010119_1_MG_Nuuk_ID137_S3_StV24A_0_5_inf9_assembly.fasta.gz ==> DTU_2021_1010119_1_MG_Nuuk_ID137_S3_StV24A_0_5_inf9_assembly
  18 merged_long_hybrid/DTU_2021_1010073_1_MG_Nuuk_ID87_S1_StV23C_5_10_out8/DTU_2021_1010073_1_MG_Nuuk_ID87_S1_StV23C_5_10_out8_assembly.fasta.gz ==> DTU_2021_1010073_1_MG_Nuuk_ID87_S1_StV23C_5_10_out8_assembly

2022-03-18 12:38:36
Running Basic statistics processor...
  Contig files: 
    1  DTU_2021_1010100_1_MG_Nuuk_ID116_S2_StV23B_5_10_out2_assembly
    2  DTU_2021_1010012_1_MG_Nar_ID18_SFB_P5_5_10_assembly
    3  DTU_2021_1010067_1_MG_Nuuk_ID81_S1_StV23C_5_10_out2_assembly
    4  DTU_2021_1010184_1_MG_Nuuk_ID207_S4_StV26A_0_5_inf3_assembly
    5  DTU_2021_1010216_1_MG_Ser_ID454_0_Cli1_assembly
    6  DTU_2021_1010143_1_MG_Nuuk_ID161_S3_StV24A_51_5955_mid12_assembly
    7  DTU_2021_1010148_1_MG_Nuuk_ID166_S3_StV24A_63_7165_mid17_assembly
    8  DTU_2021_1010197_1_MG_Nuuk_ID220_S4_StV26A_5_10_inf16_assembly
    9  DTU_2021_1010173_1_MG_Nuuk_ID191_S5_StNuuk_70_mid21_assembly
    10 DTU_2021_1010144_1_MG_Nuuk_ID162_S3_StV24A_59_6360_mid13_assembly
    11 DTU_2021_1010219_1_MG_Ser_ID457_0_Cli4_assembly
    12 DTU_2021_1010001_1_MG_Nar_ID2_SFA_P1_5_10_assembly
    13 DTU_2021_1010095_1_MG_Nuuk_ID111_S2_StV23B_5_10_inf8_assembly
    14 DTU_2021_1010135_1_MG_Nuuk_ID153_S3_StV24A_19_4130_mid4_assembly
    15 DTU_2021_1010063_1_MG_Nuuk_ID77_S1_StV23C_0_5_inf9_assembly
    16 DTU_2021_1010209_1_MG_Ser_ID446_0_5_Sed1_assembly
    17 DTU_2021_1010119_1_MG_Nuuk_ID137_S3_StV24A_0_5_inf9_assembly
    18 DTU_2021_1010073_1_MG_Nuuk_ID87_S1_StV23C_5_10_out8_assembly
  Calculating N50 and L50...
    1  DTU_2021_1010100_1_MG_Nuuk_ID116_S2_StV23B_5_10_out2_assembly, N50 = 1494, L50 = 22471, Total length = 119546821, GC % = 63.38, # N's per 100 kbp =  55.03
    2  DTU_2021_1010012_1_MG_Nar_ID18_SFB_P5_5_10_assembly, N50 = 1992, L50 = 20293, Total length = 232239777, GC % = 63.20, # N's per 100 kbp =  48.75
    3  DTU_2021_1010067_1_MG_Nuuk_ID81_S1_StV23C_5_10_out2_assembly, N50 = 2207, L50 = 37358, Total length = 370677291, GC % = 60.27, # N's per 100 kbp =  45.52
    4  DTU_2021_1010184_1_MG_Nuuk_ID207_S4_StV26A_0_5_inf3_assembly, N50 = 2239, L50 = 37636, Total length = 362359564, GC % = 60.41, # N's per 100 kbp =  72.59
    5  DTU_2021_1010216_1_MG_Ser_ID454_0_Cli1_assembly, N50 = 3594, L50 = 31927, Total length = 831229734, GC % = 62.48, # N's per 100 kbp =  67.95
    6  DTU_2021_1010143_1_MG_Nuuk_ID161_S3_StV24A_51_5955_mid12_assembly, N50 = 8146, L50 = 11736, Total length = 748076918, GC % = 64.00, # N's per 100 kbp =  54.88
    7  DTU_2021_1010148_1_MG_Nuuk_ID166_S3_StV24A_63_7165_mid17_assembly, N50 = 11429, L50 = 5982, Total length = 533117107, GC % = 63.99, # N's per 100 kbp =  23.75
    8  DTU_2021_1010197_1_MG_Nuuk_ID220_S4_StV26A_5_10_inf16_assembly, N50 = 3441, L50 = 29572, Total length = 590289083, GC % = 60.14, # N's per 100 kbp =  62.05
    9  DTU_2021_1010173_1_MG_Nuuk_ID191_S5_StNuuk_70_mid21_assembly, N50 = 4025, L50 = 16204, Total length = 482387843, GC % = 60.93, # N's per 100 kbp =  32.24
    10 DTU_2021_1010144_1_MG_Nuuk_ID162_S3_StV24A_59_6360_mid13_assembly, N50 = 16307, L50 = 12474, Total length = 1209671370, GC % = 64.51, # N's per 100 kbp =  25.72
    11 DTU_2021_1010219_1_MG_Ser_ID457_0_Cli4_assembly, N50 = 3687, L50 = 17769, Total length = 461958281, GC % = 61.44, # N's per 100 kbp =  42.07
    12 DTU_2021_1010001_1_MG_Nar_ID2_SFA_P1_5_10_assembly, N50 = 1873, L50 = 36686, Total length = 240871919, GC % = 57.41, # N's per 100 kbp =  64.72
    13 DTU_2021_1010095_1_MG_Nuuk_ID111_S2_StV23B_5_10_inf8_assembly, N50 = 1970, L50 = 33531, Total length = 305650195, GC % = 62.34, # N's per 100 kbp =  47.29
    14 DTU_2021_1010135_1_MG_Nuuk_ID153_S3_StV24A_19_4130_mid4_assembly, N50 = 4515, L50 = 14679, Total length = 497635766, GC % = 62.55, # N's per 100 kbp =  35.56
    15 DTU_2021_1010063_1_MG_Nuuk_ID77_S1_StV23C_0_5_inf9_assembly, N50 = 1623, L50 = 30070, Total length = 171421589, GC % = 60.47, # N's per 100 kbp =  48.22
    16 DTU_2021_1010209_1_MG_Ser_ID446_0_5_Sed1_assembly, N50 = 16173, L50 = 5229, Total length = 666077496, GC % = 59.04, # N's per 100 kbp =  22.44
    17 DTU_2021_1010119_1_MG_Nuuk_ID137_S3_StV24A_0_5_inf9_assembly, N50 = 2560, L50 = 17029, Total length = 281909472, GC % = 62.17, # N's per 100 kbp =  40.30
    18 DTU_2021_1010073_1_MG_Nuuk_ID87_S1_StV23C_5_10_out8_assembly, N50 = 2391, L50 = 9177, Total length = 120301125, GC % = 54.46, # N's per 100 kbp =  15.03
  Drawing Nx plot...
    saved to /home/projects/cge/data/projects/1214/quast/merged_long_hybrid/basic_stats/Nx_plot.pdf
  Drawing cumulative plot...
    saved to /home/projects/cge/data/projects/1214/quast/merged_long_hybrid/basic_stats/cumulative_plot.pdf
  Drawing GC content plot...
    saved to /home/projects/cge/data/projects/1214/quast/merged_long_hybrid/basic_stats/GC_content_plot.pdf
  Drawing DTU_2021_1010100_1_MG_Nuuk_ID116_S2_StV23B_5_10_out2_assembly GC content plot...
    saved to /home/projects/cge/data/projects/1214/quast/merged_long_hybrid/basic_stats/DTU_2021_1010100_1_MG_Nuuk_ID116_S2_StV23B_5_10_out2_assembly_GC_content_plot.pdf
  Drawing DTU_2021_1010012_1_MG_Nar_ID18_SFB_P5_5_10_assembly GC content plot...
    saved to /home/projects/cge/data/projects/1214/quast/merged_long_hybrid/basic_stats/DTU_2021_1010012_1_MG_Nar_ID18_SFB_P5_5_10_assembly_GC_content_plot.pdf
  Drawing DTU_2021_1010067_1_MG_Nuuk_ID81_S1_StV23C_5_10_out2_assembly GC content plot...
    saved to /home/projects/cge/data/projects/1214/quast/merged_long_hybrid/basic_stats/DTU_2021_1010067_1_MG_Nuuk_ID81_S1_StV23C_5_10_out2_assembly_GC_content_plot.pdf
  Drawing DTU_2021_1010184_1_MG_Nuuk_ID207_S4_StV26A_0_5_inf3_assembly GC content plot...
    saved to /home/projects/cge/data/projects/1214/quast/merged_long_hybrid/basic_stats/DTU_2021_1010184_1_MG_Nuuk_ID207_S4_StV26A_0_5_inf3_assembly_GC_content_plot.pdf
  Drawing DTU_2021_1010216_1_MG_Ser_ID454_0_Cli1_assembly GC content plot...
    saved to /home/projects/cge/data/projects/1214/quast/merged_long_hybrid/basic_stats/DTU_2021_1010216_1_MG_Ser_ID454_0_Cli1_assembly_GC_content_plot.pdf
  Drawing DTU_2021_1010143_1_MG_Nuuk_ID161_S3_StV24A_51_5955_mid12_assembly GC content plot...
    saved to /home/projects/cge/data/projects/1214/quast/merged_long_hybrid/basic_stats/DTU_2021_1010143_1_MG_Nuuk_ID161_S3_StV24A_51_5955_mid12_assembly_GC_content_plot.pdf
  Drawing DTU_2021_1010148_1_MG_Nuuk_ID166_S3_StV24A_63_7165_mid17_assembly GC content plot...
    saved to /home/projects/cge/data/projects/1214/quast/merged_long_hybrid/basic_stats/DTU_2021_1010148_1_MG_Nuuk_ID166_S3_StV24A_63_7165_mid17_assembly_GC_content_plot.pdf
  Drawing DTU_2021_1010197_1_MG_Nuuk_ID220_S4_StV26A_5_10_inf16_assembly GC content plot...
    saved to /home/projects/cge/data/projects/1214/quast/merged_long_hybrid/basic_stats/DTU_2021_1010197_1_MG_Nuuk_ID220_S4_StV26A_5_10_inf16_assembly_GC_content_plot.pdf
  Drawing DTU_2021_1010173_1_MG_Nuuk_ID191_S5_StNuuk_70_mid21_assembly GC content plot...
    saved to /home/projects/cge/data/projects/1214/quast/merged_long_hybrid/basic_stats/DTU_2021_1010173_1_MG_Nuuk_ID191_S5_StNuuk_70_mid21_assembly_GC_content_plot.pdf
  Drawing DTU_2021_1010144_1_MG_Nuuk_ID162_S3_StV24A_59_6360_mid13_assembly GC content plot...
    saved to /home/projects/cge/data/projects/1214/quast/merged_long_hybrid/basic_stats/DTU_2021_1010144_1_MG_Nuuk_ID162_S3_StV24A_59_6360_mid13_assembly_GC_content_plot.pdf
  Drawing DTU_2021_1010219_1_MG_Ser_ID457_0_Cli4_assembly GC content plot...
    saved to /home/projects/cge/data/projects/1214/quast/merged_long_hybrid/basic_stats/DTU_2021_1010219_1_MG_Ser_ID457_0_Cli4_assembly_GC_content_plot.pdf
  Drawing DTU_2021_1010001_1_MG_Nar_ID2_SFA_P1_5_10_assembly GC content plot...
    saved to /home/projects/cge/data/projects/1214/quast/merged_long_hybrid/basic_stats/DTU_2021_1010001_1_MG_Nar_ID2_SFA_P1_5_10_assembly_GC_content_plot.pdf
  Drawing DTU_2021_1010095_1_MG_Nuuk_ID111_S2_StV23B_5_10_inf8_assembly GC content plot...
    saved to /home/projects/cge/data/projects/1214/quast/merged_long_hybrid/basic_stats/DTU_2021_1010095_1_MG_Nuuk_ID111_S2_StV23B_5_10_inf8_assembly_GC_content_plot.pdf
  Drawing DTU_2021_1010135_1_MG_Nuuk_ID153_S3_StV24A_19_4130_mid4_assembly GC content plot...
    saved to /home/projects/cge/data/projects/1214/quast/merged_long_hybrid/basic_stats/DTU_2021_1010135_1_MG_Nuuk_ID153_S3_StV24A_19_4130_mid4_assembly_GC_content_plot.pdf
  Drawing DTU_2021_1010063_1_MG_Nuuk_ID77_S1_StV23C_0_5_inf9_assembly GC content plot...
    saved to /home/projects/cge/data/projects/1214/quast/merged_long_hybrid/basic_stats/DTU_2021_1010063_1_MG_Nuuk_ID77_S1_StV23C_0_5_inf9_assembly_GC_content_plot.pdf
  Drawing DTU_2021_1010209_1_MG_Ser_ID446_0_5_Sed1_assembly GC content plot...
    saved to /home/projects/cge/data/projects/1214/quast/merged_long_hybrid/basic_stats/DTU_2021_1010209_1_MG_Ser_ID446_0_5_Sed1_assembly_GC_content_plot.pdf
  Drawing DTU_2021_1010119_1_MG_Nuuk_ID137_S3_StV24A_0_5_inf9_assembly GC content plot...
    saved to /home/projects/cge/data/projects/1214/quast/merged_long_hybrid/basic_stats/DTU_2021_1010119_1_MG_Nuuk_ID137_S3_StV24A_0_5_inf9_assembly_GC_content_plot.pdf
  Drawing DTU_2021_1010073_1_MG_Nuuk_ID87_S1_StV23C_5_10_out8_assembly GC content plot...
    saved to /home/projects/cge/data/projects/1214/quast/merged_long_hybrid/basic_stats/DTU_2021_1010073_1_MG_Nuuk_ID87_S1_StV23C_5_10_out8_assembly_GC_content_plot.pdf
  Drawing Coverage histogram (bin size: 1x)...
    saved to /home/projects/cge/data/projects/1214/quast/merged_long_hybrid/basic_stats/coverage_histogram.pdf
  Drawing DTU_2021_1010100_1_MG_Nuuk_ID116_S2_StV23B_5_10_out2_assembly coverage histogram (bin size: 1x)...
    saved to /home/projects/cge/data/projects/1214/quast/merged_long_hybrid/basic_stats/DTU_2021_1010100_1_MG_Nuuk_ID116_S2_StV23B_5_10_out2_assembly_coverage_histogram.pdf
  Drawing DTU_2021_1010012_1_MG_Nar_ID18_SFB_P5_5_10_assembly coverage histogram (bin size: 1x)...
    saved to /home/projects/cge/data/projects/1214/quast/merged_long_hybrid/basic_stats/DTU_2021_1010012_1_MG_Nar_ID18_SFB_P5_5_10_assembly_coverage_histogram.pdf
  Drawing DTU_2021_1010067_1_MG_Nuuk_ID81_S1_StV23C_5_10_out2_assembly coverage histogram (bin size: 1x)...
    saved to /home/projects/cge/data/projects/1214/quast/merged_long_hybrid/basic_stats/DTU_2021_1010067_1_MG_Nuuk_ID81_S1_StV23C_5_10_out2_assembly_coverage_histogram.pdf
  Drawing DTU_2021_1010184_1_MG_Nuuk_ID207_S4_StV26A_0_5_inf3_assembly coverage histogram (bin size: 1x)...
    saved to /home/projects/cge/data/projects/1214/quast/merged_long_hybrid/basic_stats/DTU_2021_1010184_1_MG_Nuuk_ID207_S4_StV26A_0_5_inf3_assembly_coverage_histogram.pdf
  Drawing DTU_2021_1010216_1_MG_Ser_ID454_0_Cli1_assembly coverage histogram (bin size: 1x)...
    saved to /home/projects/cge/data/projects/1214/quast/merged_long_hybrid/basic_stats/DTU_2021_1010216_1_MG_Ser_ID454_0_Cli1_assembly_coverage_histogram.pdf
  Drawing DTU_2021_1010143_1_MG_Nuuk_ID161_S3_StV24A_51_5955_mid12_assembly coverage histogram (bin size: 1x)...
    saved to /home/projects/cge/data/projects/1214/quast/merged_long_hybrid/basic_stats/DTU_2021_1010143_1_MG_Nuuk_ID161_S3_StV24A_51_5955_mid12_assembly_coverage_histogram.pdf
  Drawing DTU_2021_1010148_1_MG_Nuuk_ID166_S3_StV24A_63_7165_mid17_assembly coverage histogram (bin size: 1x)...
    saved to /home/projects/cge/data/projects/1214/quast/merged_long_hybrid/basic_stats/DTU_2021_1010148_1_MG_Nuuk_ID166_S3_StV24A_63_7165_mid17_assembly_coverage_histogram.pdf
  Drawing DTU_2021_1010197_1_MG_Nuuk_ID220_S4_StV26A_5_10_inf16_assembly coverage histogram (bin size: 1x)...
    saved to /home/projects/cge/data/projects/1214/quast/merged_long_hybrid/basic_stats/DTU_2021_1010197_1_MG_Nuuk_ID220_S4_StV26A_5_10_inf16_assembly_coverage_histogram.pdf
  Drawing DTU_2021_1010173_1_MG_Nuuk_ID191_S5_StNuuk_70_mid21_assembly coverage histogram (bin size: 1x)...
    saved to /home/projects/cge/data/projects/1214/quast/merged_long_hybrid/basic_stats/DTU_2021_1010173_1_MG_Nuuk_ID191_S5_StNuuk_70_mid21_assembly_coverage_histogram.pdf
  Drawing DTU_2021_1010144_1_MG_Nuuk_ID162_S3_StV24A_59_6360_mid13_assembly coverage histogram (bin size: 1x)...
    saved to /home/projects/cge/data/projects/1214/quast/merged_long_hybrid/basic_stats/DTU_2021_1010144_1_MG_Nuuk_ID162_S3_StV24A_59_6360_mid13_assembly_coverage_histogram.pdf
  Drawing DTU_2021_1010219_1_MG_Ser_ID457_0_Cli4_assembly coverage histogram (bin size: 1x)...
    saved to /home/projects/cge/data/projects/1214/quast/merged_long_hybrid/basic_stats/DTU_2021_1010219_1_MG_Ser_ID457_0_Cli4_assembly_coverage_histogram.pdf
  Drawing DTU_2021_1010001_1_MG_Nar_ID2_SFA_P1_5_10_assembly coverage histogram (bin size: 1x)...
    saved to /home/projects/cge/data/projects/1214/quast/merged_long_hybrid/basic_stats/DTU_2021_1010001_1_MG_Nar_ID2_SFA_P1_5_10_assembly_coverage_histogram.pdf
  Drawing DTU_2021_1010095_1_MG_Nuuk_ID111_S2_StV23B_5_10_inf8_assembly coverage histogram (bin size: 1x)...
    saved to /home/projects/cge/data/projects/1214/quast/merged_long_hybrid/basic_stats/DTU_2021_1010095_1_MG_Nuuk_ID111_S2_StV23B_5_10_inf8_assembly_coverage_histogram.pdf
  Drawing DTU_2021_1010135_1_MG_Nuuk_ID153_S3_StV24A_19_4130_mid4_assembly coverage histogram (bin size: 1x)...
    saved to /home/projects/cge/data/projects/1214/quast/merged_long_hybrid/basic_stats/DTU_2021_1010135_1_MG_Nuuk_ID153_S3_StV24A_19_4130_mid4_assembly_coverage_histogram.pdf
  Drawing DTU_2021_1010063_1_MG_Nuuk_ID77_S1_StV23C_0_5_inf9_assembly coverage histogram (bin size: 1x)...
    saved to /home/projects/cge/data/projects/1214/quast/merged_long_hybrid/basic_stats/DTU_2021_1010063_1_MG_Nuuk_ID77_S1_StV23C_0_5_inf9_assembly_coverage_histogram.pdf
  Drawing DTU_2021_1010209_1_MG_Ser_ID446_0_5_Sed1_assembly coverage histogram (bin size: 1x)...
    saved to /home/projects/cge/data/projects/1214/quast/merged_long_hybrid/basic_stats/DTU_2021_1010209_1_MG_Ser_ID446_0_5_Sed1_assembly_coverage_histogram.pdf
  Drawing DTU_2021_1010119_1_MG_Nuuk_ID137_S3_StV24A_0_5_inf9_assembly coverage histogram (bin size: 1x)...
    saved to /home/projects/cge/data/projects/1214/quast/merged_long_hybrid/basic_stats/DTU_2021_1010119_1_MG_Nuuk_ID137_S3_StV24A_0_5_inf9_assembly_coverage_histogram.pdf
  Drawing DTU_2021_1010073_1_MG_Nuuk_ID87_S1_StV23C_5_10_out8_assembly coverage histogram (bin size: 1x)...
    saved to /home/projects/cge/data/projects/1214/quast/merged_long_hybrid/basic_stats/DTU_2021_1010073_1_MG_Nuuk_ID87_S1_StV23C_5_10_out8_assembly_coverage_histogram.pdf
Done.

NOTICE: Genes are not predicted by default. Use --gene-finding or --glimmer option to enable it.

2022-03-18 12:48:25
Creating large visual summaries...
This may take a while: press Ctrl-C to skip this step..
  1 of 2: Creating Icarus viewers...
  2 of 2: Creating PDF with all tables and plots...
Done

2022-03-18 12:50:18
RESULTS:
  Text versions of total report are saved to /home/projects/cge/data/projects/1214/quast/merged_long_hybrid/report.txt, report.tsv, and report.tex
  Text versions of transposed total report are saved to /home/projects/cge/data/projects/1214/quast/merged_long_hybrid/transposed_report.txt, transposed_report.tsv, and transposed_report.tex
  HTML version (interactive tables and plots) is saved to /home/projects/cge/data/projects/1214/quast/merged_long_hybrid/report.html
  PDF version (tables and plots) is saved to /home/projects/cge/data/projects/1214/quast/merged_long_hybrid/report.pdf
  Icarus (contig browser) is saved to /home/projects/cge/data/projects/1214/quast/merged_long_hybrid/icarus.html
  Log is saved to /home/projects/cge/data/projects/1214/quast/merged_long_hybrid/quast.log

Finished: 2022-03-18 12:50:19
Elapsed time: 0:21:48.612690
NOTICEs: 2; WARNINGs: 0; non-fatal ERRORs: 0

Thank you for using QUAST!
