/services/tools/quast/5.0.2/metaquast.py hybrid_metaspades/DTU_2021_1010100_1_MG_Nuuk_ID116_S2_StV23B_5_10_out2/DTU_2021_1010100_1_MG_Nuuk_ID116_S2_StV23B_5_10_out2_scaffolds.fasta hybrid_metaspades/DTU_2021_1010012_1_MG_Nar_ID18_SFB_P5_5_10/DTU_2021_1010012_1_MG_Nar_ID18_SFB_P5_5_10_scaffolds.fasta hybrid_metaspades/DTU_2021_1010067_1_MG_Nuuk_ID81_S1_StV23C_5_10_out2/DTU_2021_1010067_1_MG_Nuuk_ID81_S1_StV23C_5_10_out2_scaffolds.fasta hybrid_metaspades/DTU_2021_1010184_1_MG_Nuuk_ID207_S4_StV26A_0_5_inf3/DTU_2021_1010184_1_MG_Nuuk_ID207_S4_StV26A_0_5_inf3_scaffolds.fasta hybrid_metaspades/DTU_2021_1010216_1_MG_Ser_ID454_0_Cli1/DTU_2021_1010216_1_MG_Ser_ID454_0_Cli1_scaffolds.fasta hybrid_metaspades/DTU_2021_1010143_1_MG_Nuuk_ID161_S3_StV24A_51_5955_mid12/DTU_2021_1010143_1_MG_Nuuk_ID161_S3_StV24A_51_5955_mid12_scaffolds.fasta hybrid_metaspades/DTU_2021_1010148_1_MG_Nuuk_ID166_S3_StV24A_63_7165_mid17/DTU_2021_1010148_1_MG_Nuuk_ID166_S3_StV24A_63_7165_mid17_scaffolds.fasta hybrid_metaspades/DTU_2021_1010197_1_MG_Nuuk_ID220_S4_StV26A_5_10_inf16/DTU_2021_1010197_1_MG_Nuuk_ID220_S4_StV26A_5_10_inf16_scaffolds.fasta hybrid_metaspades/DTU_2021_1010173_1_MG_Nuuk_ID191_S5_StNuuk_70_mid21/DTU_2021_1010173_1_MG_Nuuk_ID191_S5_StNuuk_70_mid21_scaffolds.fasta hybrid_metaspades/DTU_2021_1010144_1_MG_Nuuk_ID162_S3_StV24A_59_6360_mid13/DTU_2021_1010144_1_MG_Nuuk_ID162_S3_StV24A_59_6360_mid13_scaffolds.fasta hybrid_metaspades/DTU_2021_1010219_1_MG_Ser_ID457_0_Cli4/DTU_2021_1010219_1_MG_Ser_ID457_0_Cli4_scaffolds.fasta hybrid_metaspades/DTU_2021_1010001_1_MG_Nar_ID2_SFA_P1_5_10/DTU_2021_1010001_1_MG_Nar_ID2_SFA_P1_5_10_scaffolds.fasta hybrid_metaspades/DTU_2021_1010095_1_MG_Nuuk_ID111_S2_StV23B_5_10_inf8/DTU_2021_1010095_1_MG_Nuuk_ID111_S2_StV23B_5_10_inf8_scaffolds.fasta hybrid_metaspades/DTU_2021_1010135_1_MG_Nuuk_ID153_S3_StV24A_19_4130_mid4/DTU_2021_1010135_1_MG_Nuuk_ID153_S3_StV24A_19_4130_mid4_scaffolds.fasta hybrid_metaspades/DTU_2021_1010063_1_MG_Nuuk_ID77_S1_StV23C_0_5_inf9/DTU_2021_1010063_1_MG_Nuuk_ID77_S1_StV23C_0_5_inf9_scaffolds.fasta hybrid_metaspades/DTU_2021_1010209_1_MG_Ser_ID446_0_5_Sed1/DTU_2021_1010209_1_MG_Ser_ID446_0_5_Sed1_scaffolds.fasta hybrid_metaspades/DTU_2021_1010119_1_MG_Nuuk_ID137_S3_StV24A_0_5_inf9/DTU_2021_1010119_1_MG_Nuuk_ID137_S3_StV24A_0_5_inf9_scaffolds.fasta hybrid_metaspades/DTU_2021_1010073_1_MG_Nuuk_ID87_S1_StV23C_5_10_out8/DTU_2021_1010073_1_MG_Nuuk_ID87_S1_StV23C_5_10_out8_scaffolds.fasta -o quast/hybrid_metaspades -t 2 --max-ref-num 0

Version: 5.0.2

System information:
  OS: Linux-3.10.0-1062.4.1.el7.x86_64-x86_64-with-centos-7.8.2003-Core (linux_64)
  Python version: 2.7.15
  CPUs number: 40

Started: 2022-02-10 11:32:10

Logging to /home/projects/cge/data/projects/1214/quast/hybrid_metaspades/metaquast.log

Contigs:
  Pre-processing...
  1  hybrid_metaspades/DTU_2021_1010100_1_MG_Nuuk_ID116_S2_StV23B_5_10_out2/DTU_2021_1010100_1_MG_Nuuk_ID116_S2_StV23B_5_10_out2_scaffolds.fasta ==> DTU_2021_1010100_1_MG_Nuuk_ID116_S2_StV23B_5_10_out2_scaffolds
  2  hybrid_metaspades/DTU_2021_1010012_1_MG_Nar_ID18_SFB_P5_5_10/DTU_2021_1010012_1_MG_Nar_ID18_SFB_P5_5_10_scaffolds.fasta ==> DTU_2021_1010012_1_MG_Nar_ID18_SFB_P5_5_10_scaffolds
  3  hybrid_metaspades/DTU_2021_1010067_1_MG_Nuuk_ID81_S1_StV23C_5_10_out2/DTU_2021_1010067_1_MG_Nuuk_ID81_S1_StV23C_5_10_out2_scaffolds.fasta ==> DTU_2021_1010067_1_MG_Nuuk_ID81_S1_StV23C_5_10_out2_scaffolds
  4  hybrid_metaspades/DTU_2021_1010184_1_MG_Nuuk_ID207_S4_StV26A_0_5_inf3/DTU_2021_1010184_1_MG_Nuuk_ID207_S4_StV26A_0_5_inf3_scaffolds.fasta ==> DTU_2021_1010184_1_MG_Nuuk_ID207_S4_StV26A_0_5_inf3_scaffolds
  5  hybrid_metaspades/DTU_2021_1010216_1_MG_Ser_ID454_0_Cli1/DTU_2021_1010216_1_MG_Ser_ID454_0_Cli1_scaffolds.fasta ==> DTU_2021_1010216_1_MG_Ser_ID454_0_Cli1_scaffolds
  6  hybrid_metaspades/DTU_2021_1010143_1_MG_Nuuk_ID161_S3_StV24A_51_5955_mid12/DTU_2021_1010143_1_MG_Nuuk_ID161_S3_StV24A_51_5955_mid12_scaffolds.fasta ==> DTU_2021_1010143_1_MG_Nuuk_ID161_S3_StV24A_51_5955_mid12_scaffolds
  7  hybrid_metaspades/DTU_2021_1010148_1_MG_Nuuk_ID166_S3_StV24A_63_7165_mid17/DTU_2021_1010148_1_MG_Nuuk_ID166_S3_StV24A_63_7165_mid17_scaffolds.fasta ==> DTU_2021_1010148_1_MG_Nuuk_ID166_S3_StV24A_63_7165_mid17_scaffolds
  8  hybrid_metaspades/DTU_2021_1010197_1_MG_Nuuk_ID220_S4_StV26A_5_10_inf16/DTU_2021_1010197_1_MG_Nuuk_ID220_S4_StV26A_5_10_inf16_scaffolds.fasta ==> DTU_2021_1010197_1_MG_Nuuk_ID220_S4_StV26A_5_10_inf16_scaffolds
  9  hybrid_metaspades/DTU_2021_1010173_1_MG_Nuuk_ID191_S5_StNuuk_70_mid21/DTU_2021_1010173_1_MG_Nuuk_ID191_S5_StNuuk_70_mid21_scaffolds.fasta ==> DTU_2021_1010173_1_MG_Nuuk_ID191_S5_StNuuk_70_mid21_scaffolds
  10 hybrid_metaspades/DTU_2021_1010144_1_MG_Nuuk_ID162_S3_StV24A_59_6360_mid13/DTU_2021_1010144_1_MG_Nuuk_ID162_S3_StV24A_59_6360_mid13_scaffolds.fasta ==> DTU_2021_1010144_1_MG_Nuuk_ID162_S3_StV24A_59_6360_mid13_scaffolds
  11 hybrid_metaspades/DTU_2021_1010219_1_MG_Ser_ID457_0_Cli4/DTU_2021_1010219_1_MG_Ser_ID457_0_Cli4_scaffolds.fasta ==> DTU_2021_1010219_1_MG_Ser_ID457_0_Cli4_scaffolds
  12 hybrid_metaspades/DTU_2021_1010001_1_MG_Nar_ID2_SFA_P1_5_10/DTU_2021_1010001_1_MG_Nar_ID2_SFA_P1_5_10_scaffolds.fasta ==> DTU_2021_1010001_1_MG_Nar_ID2_SFA_P1_5_10_scaffolds
  13 hybrid_metaspades/DTU_2021_1010095_1_MG_Nuuk_ID111_S2_StV23B_5_10_inf8/DTU_2021_1010095_1_MG_Nuuk_ID111_S2_StV23B_5_10_inf8_scaffolds.fasta ==> DTU_2021_1010095_1_MG_Nuuk_ID111_S2_StV23B_5_10_inf8_scaffolds
  14 hybrid_metaspades/DTU_2021_1010135_1_MG_Nuuk_ID153_S3_StV24A_19_4130_mid4/DTU_2021_1010135_1_MG_Nuuk_ID153_S3_StV24A_19_4130_mid4_scaffolds.fasta ==> DTU_2021_1010135_1_MG_Nuuk_ID153_S3_StV24A_19_4130_mid4_scaffolds
  15 hybrid_metaspades/DTU_2021_1010063_1_MG_Nuuk_ID77_S1_StV23C_0_5_inf9/DTU_2021_1010063_1_MG_Nuuk_ID77_S1_StV23C_0_5_inf9_scaffolds.fasta ==> DTU_2021_1010063_1_MG_Nuuk_ID77_S1_StV23C_0_5_inf9_scaffolds
  16 hybrid_metaspades/DTU_2021_1010209_1_MG_Ser_ID446_0_5_Sed1/DTU_2021_1010209_1_MG_Ser_ID446_0_5_Sed1_scaffolds.fasta ==> DTU_2021_1010209_1_MG_Ser_ID446_0_5_Sed1_scaffolds
  17 hybrid_metaspades/DTU_2021_1010119_1_MG_Nuuk_ID137_S3_StV24A_0_5_inf9/DTU_2021_1010119_1_MG_Nuuk_ID137_S3_StV24A_0_5_inf9_scaffolds.fasta ==> DTU_2021_1010119_1_MG_Nuuk_ID137_S3_StV24A_0_5_inf9_scaffolds
  18 hybrid_metaspades/DTU_2021_1010073_1_MG_Nuuk_ID87_S1_StV23C_5_10_out8/DTU_2021_1010073_1_MG_Nuuk_ID87_S1_StV23C_5_10_out8_scaffolds.fasta ==> DTU_2021_1010073_1_MG_Nuuk_ID87_S1_StV23C_5_10_out8_scaffolds

NOTICE: Maximum number of references (--max-ref-number) is set to 0, search in SILVA 16S rRNA database is disabled

NOTICE: No references are provided, starting regular QUAST with MetaGeneMark gene finder
