/services/tools/quast/5.0.2/metaquast.py metaspades/DTU_2021_1010100_1_MG_Nuuk_ID116_S2_StV23B_5_10_out2_S0_L001/DTU_2021_1010100_1_MG_Nuuk_ID116_S2_StV23B_5_10_out2_S0_L001_scaffolds.fasta metaspades/DTU_2021_1010012_1_MG_Nar_ID18_SFB_P5_5_10_S0_L001/DTU_2021_1010012_1_MG_Nar_ID18_SFB_P5_5_10_S0_L001_scaffolds.fasta metaspades/DTU_2021_1010067_1_MG_Nuuk_ID81_S1_StV23C_5_10_out2_S0_L001/DTU_2021_1010067_1_MG_Nuuk_ID81_S1_StV23C_5_10_out2_S0_L001_scaffolds.fasta metaspades/DTU_2021_1010184_1_MG_Nuuk_ID207_S4_StV26A_0_5_inf3_S0_L001/DTU_2021_1010184_1_MG_Nuuk_ID207_S4_StV26A_0_5_inf3_S0_L001_scaffolds.fasta metaspades/DTU_2021_1010216_1_MG_Ser_ID454_0_Cli1_S0_L001/DTU_2021_1010216_1_MG_Ser_ID454_0_Cli1_S0_L001_scaffolds.fasta metaspades/DTU_2021_1010143_1_MG_Nuuk_ID161_S3_StV24A_51_5955_mid12_S0_L001/DTU_2021_1010143_1_MG_Nuuk_ID161_S3_StV24A_51_5955_mid12_S0_L001_scaffolds.fasta metaspades/DTU_2021_1010148_1_MG_Nuuk_ID166_S3_StV24A_63_7165_mid17_S0_L001/DTU_2021_1010148_1_MG_Nuuk_ID166_S3_StV24A_63_7165_mid17_S0_L001_scaffolds.fasta metaspades/DTU_2021_1010197_1_MG_Nuuk_ID220_S4_StV26A_5_10_inf16_S0_L001/DTU_2021_1010197_1_MG_Nuuk_ID220_S4_StV26A_5_10_inf16_S0_L001_scaffolds.fasta metaspades/DTU_2021_1010173_1_MG_Nuuk_ID191_S5_StNuuk_70_mid21_S0_L001/DTU_2021_1010173_1_MG_Nuuk_ID191_S5_StNuuk_70_mid21_S0_L001_scaffolds.fasta metaspades/DTU_2021_1010144_1_MG_Nuuk_ID162_S3_StV24A_59_6360_mid13_S0_L001/DTU_2021_1010144_1_MG_Nuuk_ID162_S3_StV24A_59_6360_mid13_S0_L001_scaffolds.fasta metaspades/DTU_2021_1010219_1_MG_Ser_ID457_0_Cli4_S0_L001/DTU_2021_1010219_1_MG_Ser_ID457_0_Cli4_S0_L001_scaffolds.fasta metaspades/DTU_2021_1010001_1_MG_Nar_ID2_SFA_P1_5_10_S0_L001/DTU_2021_1010001_1_MG_Nar_ID2_SFA_P1_5_10_S0_L001_scaffolds.fasta metaspades/DTU_2021_1010095_1_MG_Nuuk_ID111_S2_StV23B_5_10_inf8_S0_L001/DTU_2021_1010095_1_MG_Nuuk_ID111_S2_StV23B_5_10_inf8_S0_L001_scaffolds.fasta metaspades/DTU_2021_1010135_1_MG_Nuuk_ID153_S3_StV24A_19_4130_mid4_S0_L001/DTU_2021_1010135_1_MG_Nuuk_ID153_S3_StV24A_19_4130_mid4_S0_L001_scaffolds.fasta metaspades/DTU_2021_1010063_1_MG_Nuuk_ID77_S1_StV23C_0_5_inf9_S0_L001/DTU_2021_1010063_1_MG_Nuuk_ID77_S1_StV23C_0_5_inf9_S0_L001_scaffolds.fasta metaspades/DTU_2021_1010209_1_MG_Ser_ID446_0_5_Sed1_S0_L001/DTU_2021_1010209_1_MG_Ser_ID446_0_5_Sed1_S0_L001_scaffolds.fasta metaspades/DTU_2021_1010119_1_MG_Nuuk_ID137_S3_StV24A_0_5_inf9_S0_L001/DTU_2021_1010119_1_MG_Nuuk_ID137_S3_StV24A_0_5_inf9_S0_L001_scaffolds.fasta metaspades/DTU_2021_1010073_1_MG_Nuuk_ID87_S1_StV23C_5_10_out8_S0_L001/DTU_2021_1010073_1_MG_Nuuk_ID87_S1_StV23C_5_10_out8_S0_L001_scaffolds.fasta -o quast/metaspades -t 1 --max-ref-num 0 --min-contig 1000

Version: 5.0.2

System information:
  OS: Linux-3.10.0-1062.4.1.el7.x86_64-x86_64-with-centos-7.8.2003-Core (linux_64)
  Python version: 2.7.15
  CPUs number: 40

Started: 2022-02-10 14:49:26

Logging to /home/projects/cge/data/projects/1214/quast/metaspades/metaquast.log
NOTICE: Output directory already exists and looks like a QUAST output dir. Existing results can be reused (e.g. previously generated alignments)!

Contigs:
  Pre-processing...
  1  metaspades/DTU_2021_1010100_1_MG_Nuuk_ID116_S2_StV23B_5_10_out2_S0_L001/DTU_2021_1010100_1_MG_Nuuk_ID116_S2_StV23B_5_10_out2_S0_L001_scaffolds.fasta ==> DTU_2021_1010100_1_MG_Nuuk_ID116_S2_StV23B_5_10_out2_S0_L001_scaffolds
  2  metaspades/DTU_2021_1010012_1_MG_Nar_ID18_SFB_P5_5_10_S0_L001/DTU_2021_1010012_1_MG_Nar_ID18_SFB_P5_5_10_S0_L001_scaffolds.fasta ==> DTU_2021_1010012_1_MG_Nar_ID18_SFB_P5_5_10_S0_L001_scaffolds
  3  metaspades/DTU_2021_1010067_1_MG_Nuuk_ID81_S1_StV23C_5_10_out2_S0_L001/DTU_2021_1010067_1_MG_Nuuk_ID81_S1_StV23C_5_10_out2_S0_L001_scaffolds.fasta ==> DTU_2021_1010067_1_MG_Nuuk_ID81_S1_StV23C_5_10_out2_S0_L001_scaffolds
  4  metaspades/DTU_2021_1010184_1_MG_Nuuk_ID207_S4_StV26A_0_5_inf3_S0_L001/DTU_2021_1010184_1_MG_Nuuk_ID207_S4_StV26A_0_5_inf3_S0_L001_scaffolds.fasta ==> DTU_2021_1010184_1_MG_Nuuk_ID207_S4_StV26A_0_5_inf3_S0_L001_scaffolds
  5  metaspades/DTU_2021_1010216_1_MG_Ser_ID454_0_Cli1_S0_L001/DTU_2021_1010216_1_MG_Ser_ID454_0_Cli1_S0_L001_scaffolds.fasta ==> DTU_2021_1010216_1_MG_Ser_ID454_0_Cli1_S0_L001_scaffolds
  6  metaspades/DTU_2021_1010143_1_MG_Nuuk_ID161_S3_StV24A_51_5955_mid12_S0_L001/DTU_2021_1010143_1_MG_Nuuk_ID161_S3_StV24A_51_5955_mid12_S0_L001_scaffolds.fasta ==> DTU_2021_1010143_1_MG_Nuuk_ID161_S3_StV24A_51_5955_mid12_S0_L001_scaffolds
  7  metaspades/DTU_2021_1010148_1_MG_Nuuk_ID166_S3_StV24A_63_7165_mid17_S0_L001/DTU_2021_1010148_1_MG_Nuuk_ID166_S3_StV24A_63_7165_mid17_S0_L001_scaffolds.fasta ==> DTU_2021_1010148_1_MG_Nuuk_ID166_S3_StV24A_63_7165_mid17_S0_L001_scaffolds
  8  metaspades/DTU_2021_1010197_1_MG_Nuuk_ID220_S4_StV26A_5_10_inf16_S0_L001/DTU_2021_1010197_1_MG_Nuuk_ID220_S4_StV26A_5_10_inf16_S0_L001_scaffolds.fasta ==> DTU_2021_1010197_1_MG_Nuuk_ID220_S4_StV26A_5_10_inf16_S0_L001_scaffolds
  9  metaspades/DTU_2021_1010173_1_MG_Nuuk_ID191_S5_StNuuk_70_mid21_S0_L001/DTU_2021_1010173_1_MG_Nuuk_ID191_S5_StNuuk_70_mid21_S0_L001_scaffolds.fasta ==> DTU_2021_1010173_1_MG_Nuuk_ID191_S5_StNuuk_70_mid21_S0_L001_scaffolds
  10 metaspades/DTU_2021_1010144_1_MG_Nuuk_ID162_S3_StV24A_59_6360_mid13_S0_L001/DTU_2021_1010144_1_MG_Nuuk_ID162_S3_StV24A_59_6360_mid13_S0_L001_scaffolds.fasta ==> DTU_2021_1010144_1_MG_Nuuk_ID162_S3_StV24A_59_6360_mid13_S0_L001_scaffolds
  11 metaspades/DTU_2021_1010219_1_MG_Ser_ID457_0_Cli4_S0_L001/DTU_2021_1010219_1_MG_Ser_ID457_0_Cli4_S0_L001_scaffolds.fasta ==> DTU_2021_1010219_1_MG_Ser_ID457_0_Cli4_S0_L001_scaffolds
  12 metaspades/DTU_2021_1010001_1_MG_Nar_ID2_SFA_P1_5_10_S0_L001/DTU_2021_1010001_1_MG_Nar_ID2_SFA_P1_5_10_S0_L001_scaffolds.fasta ==> DTU_2021_1010001_1_MG_Nar_ID2_SFA_P1_5_10_S0_L001_scaffolds
  13 metaspades/DTU_2021_1010095_1_MG_Nuuk_ID111_S2_StV23B_5_10_inf8_S0_L001/DTU_2021_1010095_1_MG_Nuuk_ID111_S2_StV23B_5_10_inf8_S0_L001_scaffolds.fasta ==> DTU_2021_1010095_1_MG_Nuuk_ID111_S2_StV23B_5_10_inf8_S0_L001_scaffolds
  14 metaspades/DTU_2021_1010135_1_MG_Nuuk_ID153_S3_StV24A_19_4130_mid4_S0_L001/DTU_2021_1010135_1_MG_Nuuk_ID153_S3_StV24A_19_4130_mid4_S0_L001_scaffolds.fasta ==> DTU_2021_1010135_1_MG_Nuuk_ID153_S3_StV24A_19_4130_mid4_S0_L001_scaffolds
  15 metaspades/DTU_2021_1010063_1_MG_Nuuk_ID77_S1_StV23C_0_5_inf9_S0_L001/DTU_2021_1010063_1_MG_Nuuk_ID77_S1_StV23C_0_5_inf9_S0_L001_scaffolds.fasta ==> DTU_2021_1010063_1_MG_Nuuk_ID77_S1_StV23C_0_5_inf9_S0_L001_scaffolds
  16 metaspades/DTU_2021_1010209_1_MG_Ser_ID446_0_5_Sed1_S0_L001/DTU_2021_1010209_1_MG_Ser_ID446_0_5_Sed1_S0_L001_scaffolds.fasta ==> DTU_2021_1010209_1_MG_Ser_ID446_0_5_Sed1_S0_L001_scaffolds
  17 metaspades/DTU_2021_1010119_1_MG_Nuuk_ID137_S3_StV24A_0_5_inf9_S0_L001/DTU_2021_1010119_1_MG_Nuuk_ID137_S3_StV24A_0_5_inf9_S0_L001_scaffolds.fasta ==> DTU_2021_1010119_1_MG_Nuuk_ID137_S3_StV24A_0_5_inf9_S0_L001_scaffolds
  18 metaspades/DTU_2021_1010073_1_MG_Nuuk_ID87_S1_StV23C_5_10_out8_S0_L001/DTU_2021_1010073_1_MG_Nuuk_ID87_S1_StV23C_5_10_out8_S0_L001_scaffolds.fasta ==> DTU_2021_1010073_1_MG_Nuuk_ID87_S1_StV23C_5_10_out8_S0_L001_scaffolds

NOTICE: Maximum number of references (--max-ref-number) is set to 0, search in SILVA 16S rRNA database is disabled

NOTICE: No references are provided, starting regular QUAST with MetaGeneMark gene finder
