/services/tools/quast/5.0.2/quast.pyc -t 2 metaspades/DTU_2021_1010100_1_MG_Nuuk_ID116_S2_StV23B_5_10_out2_S0_L001/DTU_2021_1010100_1_MG_Nuuk_ID116_S2_StV23B_5_10_out2_S0_L001_scaffolds.fasta metaspades/DTU_2021_1010012_1_MG_Nar_ID18_SFB_P5_5_10_S0_L001/DTU_2021_1010012_1_MG_Nar_ID18_SFB_P5_5_10_S0_L001_scaffolds.fasta metaspades/DTU_2021_1010067_1_MG_Nuuk_ID81_S1_StV23C_5_10_out2_S0_L001/DTU_2021_1010067_1_MG_Nuuk_ID81_S1_StV23C_5_10_out2_S0_L001_scaffolds.fasta metaspades/DTU_2021_1010184_1_MG_Nuuk_ID207_S4_StV26A_0_5_inf3_S0_L001/DTU_2021_1010184_1_MG_Nuuk_ID207_S4_StV26A_0_5_inf3_S0_L001_scaffolds.fasta metaspades/DTU_2021_1010216_1_MG_Ser_ID454_0_Cli1_S0_L001/DTU_2021_1010216_1_MG_Ser_ID454_0_Cli1_S0_L001_scaffolds.fasta metaspades/DTU_2021_1010143_1_MG_Nuuk_ID161_S3_StV24A_51_5955_mid12_S0_L001/DTU_2021_1010143_1_MG_Nuuk_ID161_S3_StV24A_51_5955_mid12_S0_L001_scaffolds.fasta metaspades/DTU_2021_1010148_1_MG_Nuuk_ID166_S3_StV24A_63_7165_mid17_S0_L001/DTU_2021_1010148_1_MG_Nuuk_ID166_S3_StV24A_63_7165_mid17_S0_L001_scaffolds.fasta metaspades/DTU_2021_1010197_1_MG_Nuuk_ID220_S4_StV26A_5_10_inf16_S0_L001/DTU_2021_1010197_1_MG_Nuuk_ID220_S4_StV26A_5_10_inf16_S0_L001_scaffolds.fasta metaspades/DTU_2021_1010173_1_MG_Nuuk_ID191_S5_StNuuk_70_mid21_S0_L001/DTU_2021_1010173_1_MG_Nuuk_ID191_S5_StNuuk_70_mid21_S0_L001_scaffolds.fasta metaspades/DTU_2021_1010144_1_MG_Nuuk_ID162_S3_StV24A_59_6360_mid13_S0_L001/DTU_2021_1010144_1_MG_Nuuk_ID162_S3_StV24A_59_6360_mid13_S0_L001_scaffolds.fasta metaspades/DTU_2021_1010219_1_MG_Ser_ID457_0_Cli4_S0_L001/DTU_2021_1010219_1_MG_Ser_ID457_0_Cli4_S0_L001_scaffolds.fasta metaspades/DTU_2021_1010001_1_MG_Nar_ID2_SFA_P1_5_10_S0_L001/DTU_2021_1010001_1_MG_Nar_ID2_SFA_P1_5_10_S0_L001_scaffolds.fasta metaspades/DTU_2021_1010095_1_MG_Nuuk_ID111_S2_StV23B_5_10_inf8_S0_L001/DTU_2021_1010095_1_MG_Nuuk_ID111_S2_StV23B_5_10_inf8_S0_L001_scaffolds.fasta metaspades/DTU_2021_1010135_1_MG_Nuuk_ID153_S3_StV24A_19_4130_mid4_S0_L001/DTU_2021_1010135_1_MG_Nuuk_ID153_S3_StV24A_19_4130_mid4_S0_L001_scaffolds.fasta metaspades/DTU_2021_1010063_1_MG_Nuuk_ID77_S1_StV23C_0_5_inf9_S0_L001/DTU_2021_1010063_1_MG_Nuuk_ID77_S1_StV23C_0_5_inf9_S0_L001_scaffolds.fasta metaspades/DTU_2021_1010209_1_MG_Ser_ID446_0_5_Sed1_S0_L001/DTU_2021_1010209_1_MG_Ser_ID446_0_5_Sed1_S0_L001_scaffolds.fasta metaspades/DTU_2021_1010119_1_MG_Nuuk_ID137_S3_StV24A_0_5_inf9_S0_L001/DTU_2021_1010119_1_MG_Nuuk_ID137_S3_StV24A_0_5_inf9_S0_L001_scaffolds.fasta metaspades/DTU_2021_1010073_1_MG_Nuuk_ID87_S1_StV23C_5_10_out8_S0_L001/DTU_2021_1010073_1_MG_Nuuk_ID87_S1_StV23C_5_10_out8_S0_L001_scaffolds.fasta -o /home/projects/cge/data/projects/1214/quast/metaspades --labels "DTU_2021_1010100_1_MG_Nuuk_ID116_S2_StV23B_5_10_out2_S0_L001_scaffolds, DTU_2021_1010012_1_MG_Nar_ID18_SFB_P5_5_10_S0_L001_scaffolds, DTU_2021_1010067_1_MG_Nuuk_ID81_S1_StV23C_5_10_out2_S0_L001_scaffolds, DTU_2021_1010184_1_MG_Nuuk_ID207_S4_StV26A_0_5_inf3_S0_L001_scaffolds, DTU_2021_1010216_1_MG_Ser_ID454_0_Cli1_S0_L001_scaffolds, DTU_2021_1010143_1_MG_Nuuk_ID161_S3_StV24A_51_5955_mid12_S0_L001_scaffolds, DTU_2021_1010148_1_MG_Nuuk_ID166_S3_StV24A_63_7165_mid17_S0_L001_scaffolds, DTU_2021_1010197_1_MG_Nuuk_ID220_S4_StV26A_5_10_inf16_S0_L001_scaffolds, DTU_2021_1010173_1_MG_Nuuk_ID191_S5_StNuuk_70_mid21_S0_L001_scaffolds, DTU_2021_1010144_1_MG_Nuuk_ID162_S3_StV24A_59_6360_mid13_S0_L001_scaffolds, DTU_2021_1010219_1_MG_Ser_ID457_0_Cli4_S0_L001_scaffolds, DTU_2021_1010001_1_MG_Nar_ID2_SFA_P1_5_10_S0_L001_scaffolds, DTU_2021_1010095_1_MG_Nuuk_ID111_S2_StV23B_5_10_inf8_S0_L001_scaffolds, DTU_2021_1010135_1_MG_Nuuk_ID153_S3_StV24A_19_4130_mid4_S0_L001_scaffolds, DTU_2021_1010063_1_MG_Nuuk_ID77_S1_StV23C_0_5_inf9_S0_L001_scaffolds, DTU_2021_1010209_1_MG_Ser_ID446_0_5_Sed1_S0_L001_scaffolds, DTU_2021_1010119_1_MG_Nuuk_ID137_S3_StV24A_0_5_inf9_S0_L001_scaffolds, DTU_2021_1010073_1_MG_Nuuk_ID87_S1_StV23C_5_10_out8_S0_L001_scaffolds"

Version: 5.0.2

System information:
  OS: Linux-3.10.0-1062.4.1.el7.x86_64-x86_64-with-centos-7.8.2003-Core (linux_64)
  Python version: 2.7.15
  CPUs number: 40

Started: 2022-02-09 15:23:18

Logging to /home/projects/cge/data/projects/1214/quast/metaspades/quast.log
NOTICE: Output directory already exists and looks like a QUAST output dir. Existing results can be reused (e.g. previously generated alignments)!

CWD: /home/projects/cge/data/projects/1214
Main parameters: 
  MODE: meta, threads: 2, minimum contig length: 500, minimum alignment length: 65, ambiguity: one, \
  threshold for extensive misassembly size: 1000

Contigs:
  Pre-processing...
  1  metaspades/DTU_2021_1010100_1_MG_Nuuk_ID116_S2_StV23B_5_10_out2_S0_L001/DTU_2021_1010100_1_MG_Nuuk_ID116_S2_StV23B_5_10_out2_S0_L001_scaffolds.fasta ==> DTU_2021_1010100_1_MG_Nuuk_ID116_S2_StV23B_5_10_out2_S0_L001_scaffolds
  2  metaspades/DTU_2021_1010012_1_MG_Nar_ID18_SFB_P5_5_10_S0_L001/DTU_2021_1010012_1_MG_Nar_ID18_SFB_P5_5_10_S0_L001_scaffolds.fasta ==> DTU_2021_1010012_1_MG_Nar_ID18_SFB_P5_5_10_S0_L001_scaffolds
  3  metaspades/DTU_2021_1010067_1_MG_Nuuk_ID81_S1_StV23C_5_10_out2_S0_L001/DTU_2021_1010067_1_MG_Nuuk_ID81_S1_StV23C_5_10_out2_S0_L001_scaffolds.fasta ==> DTU_2021_1010067_1_MG_Nuuk_ID81_S1_StV23C_5_10_out2_S0_L001_scaffolds
  4  metaspades/DTU_2021_1010184_1_MG_Nuuk_ID207_S4_StV26A_0_5_inf3_S0_L001/DTU_2021_1010184_1_MG_Nuuk_ID207_S4_StV26A_0_5_inf3_S0_L001_scaffolds.fasta ==> DTU_2021_1010184_1_MG_Nuuk_ID207_S4_StV26A_0_5_inf3_S0_L001_scaffolds
  5  metaspades/DTU_2021_1010216_1_MG_Ser_ID454_0_Cli1_S0_L001/DTU_2021_1010216_1_MG_Ser_ID454_0_Cli1_S0_L001_scaffolds.fasta ==> DTU_2021_1010216_1_MG_Ser_ID454_0_Cli1_S0_L001_scaffolds
  6  metaspades/DTU_2021_1010143_1_MG_Nuuk_ID161_S3_StV24A_51_5955_mid12_S0_L001/DTU_2021_1010143_1_MG_Nuuk_ID161_S3_StV24A_51_5955_mid12_S0_L001_scaffolds.fasta ==> DTU_2021_1010143_1_MG_Nuuk_ID161_S3_StV24A_51_5955_mid12_S0_L001_scaffolds
  7  metaspades/DTU_2021_1010148_1_MG_Nuuk_ID166_S3_StV24A_63_7165_mid17_S0_L001/DTU_2021_1010148_1_MG_Nuuk_ID166_S3_StV24A_63_7165_mid17_S0_L001_scaffolds.fasta ==> DTU_2021_1010148_1_MG_Nuuk_ID166_S3_StV24A_63_7165_mid17_S0_L001_scaffolds
  8  metaspades/DTU_2021_1010197_1_MG_Nuuk_ID220_S4_StV26A_5_10_inf16_S0_L001/DTU_2021_1010197_1_MG_Nuuk_ID220_S4_StV26A_5_10_inf16_S0_L001_scaffolds.fasta ==> DTU_2021_1010197_1_MG_Nuuk_ID220_S4_StV26A_5_10_inf16_S0_L001_scaffolds
  9  metaspades/DTU_2021_1010173_1_MG_Nuuk_ID191_S5_StNuuk_70_mid21_S0_L001/DTU_2021_1010173_1_MG_Nuuk_ID191_S5_StNuuk_70_mid21_S0_L001_scaffolds.fasta ==> DTU_2021_1010173_1_MG_Nuuk_ID191_S5_StNuuk_70_mid21_S0_L001_scaffolds
  10 metaspades/DTU_2021_1010144_1_MG_Nuuk_ID162_S3_StV24A_59_6360_mid13_S0_L001/DTU_2021_1010144_1_MG_Nuuk_ID162_S3_StV24A_59_6360_mid13_S0_L001_scaffolds.fasta ==> DTU_2021_1010144_1_MG_Nuuk_ID162_S3_StV24A_59_6360_mid13_S0_L001_scaffolds
  11 metaspades/DTU_2021_1010219_1_MG_Ser_ID457_0_Cli4_S0_L001/DTU_2021_1010219_1_MG_Ser_ID457_0_Cli4_S0_L001_scaffolds.fasta ==> DTU_2021_1010219_1_MG_Ser_ID457_0_Cli4_S0_L001_scaffolds
  12 metaspades/DTU_2021_1010001_1_MG_Nar_ID2_SFA_P1_5_10_S0_L001/DTU_2021_1010001_1_MG_Nar_ID2_SFA_P1_5_10_S0_L001_scaffolds.fasta ==> DTU_2021_1010001_1_MG_Nar_ID2_SFA_P1_5_10_S0_L001_scaffolds
  13 metaspades/DTU_2021_1010095_1_MG_Nuuk_ID111_S2_StV23B_5_10_inf8_S0_L001/DTU_2021_1010095_1_MG_Nuuk_ID111_S2_StV23B_5_10_inf8_S0_L001_scaffolds.fasta ==> DTU_2021_1010095_1_MG_Nuuk_ID111_S2_StV23B_5_10_inf8_S0_L001_scaffolds
  14 metaspades/DTU_2021_1010135_1_MG_Nuuk_ID153_S3_StV24A_19_4130_mid4_S0_L001/DTU_2021_1010135_1_MG_Nuuk_ID153_S3_StV24A_19_4130_mid4_S0_L001_scaffolds.fasta ==> DTU_2021_1010135_1_MG_Nuuk_ID153_S3_StV24A_19_4130_mid4_S0_L001_scaffolds
  15 metaspades/DTU_2021_1010063_1_MG_Nuuk_ID77_S1_StV23C_0_5_inf9_S0_L001/DTU_2021_1010063_1_MG_Nuuk_ID77_S1_StV23C_0_5_inf9_S0_L001_scaffolds.fasta ==> DTU_2021_1010063_1_MG_Nuuk_ID77_S1_StV23C_0_5_inf9_S0_L001_scaffolds
  16 metaspades/DTU_2021_1010209_1_MG_Ser_ID446_0_5_Sed1_S0_L001/DTU_2021_1010209_1_MG_Ser_ID446_0_5_Sed1_S0_L001_scaffolds.fasta ==> DTU_2021_1010209_1_MG_Ser_ID446_0_5_Sed1_S0_L001_scaffolds
  17 metaspades/DTU_2021_1010119_1_MG_Nuuk_ID137_S3_StV24A_0_5_inf9_S0_L001/DTU_2021_1010119_1_MG_Nuuk_ID137_S3_StV24A_0_5_inf9_S0_L001_scaffolds.fasta ==> DTU_2021_1010119_1_MG_Nuuk_ID137_S3_StV24A_0_5_inf9_S0_L001_scaffolds
  18 metaspades/DTU_2021_1010073_1_MG_Nuuk_ID87_S1_StV23C_5_10_out8_S0_L001/DTU_2021_1010073_1_MG_Nuuk_ID87_S1_StV23C_5_10_out8_S0_L001_scaffolds.fasta ==> DTU_2021_1010073_1_MG_Nuuk_ID87_S1_StV23C_5_10_out8_S0_L001_scaffolds

2022-02-09 15:34:03
Running Basic statistics processor...
  Contig files: 
    1  DTU_2021_1010100_1_MG_Nuuk_ID116_S2_StV23B_5_10_out2_S0_L001_scaffolds
    2  DTU_2021_1010012_1_MG_Nar_ID18_SFB_P5_5_10_S0_L001_scaffolds
    3  DTU_2021_1010067_1_MG_Nuuk_ID81_S1_StV23C_5_10_out2_S0_L001_scaffolds
    4  DTU_2021_1010184_1_MG_Nuuk_ID207_S4_StV26A_0_5_inf3_S0_L001_scaffolds
    5  DTU_2021_1010216_1_MG_Ser_ID454_0_Cli1_S0_L001_scaffolds
    6  DTU_2021_1010143_1_MG_Nuuk_ID161_S3_StV24A_51_5955_mid12_S0_L001_scaffolds
    7  DTU_2021_1010148_1_MG_Nuuk_ID166_S3_StV24A_63_7165_mid17_S0_L001_scaffolds
    8  DTU_2021_1010197_1_MG_Nuuk_ID220_S4_StV26A_5_10_inf16_S0_L001_scaffolds
    9  DTU_2021_1010173_1_MG_Nuuk_ID191_S5_StNuuk_70_mid21_S0_L001_scaffolds
    10 DTU_2021_1010144_1_MG_Nuuk_ID162_S3_StV24A_59_6360_mid13_S0_L001_scaffolds
    11 DTU_2021_1010219_1_MG_Ser_ID457_0_Cli4_S0_L001_scaffolds
    12 DTU_2021_1010001_1_MG_Nar_ID2_SFA_P1_5_10_S0_L001_scaffolds
    13 DTU_2021_1010095_1_MG_Nuuk_ID111_S2_StV23B_5_10_inf8_S0_L001_scaffolds
    14 DTU_2021_1010135_1_MG_Nuuk_ID153_S3_StV24A_19_4130_mid4_S0_L001_scaffolds
    15 DTU_2021_1010063_1_MG_Nuuk_ID77_S1_StV23C_0_5_inf9_S0_L001_scaffolds
    16 DTU_2021_1010209_1_MG_Ser_ID446_0_5_Sed1_S0_L001_scaffolds
    17 DTU_2021_1010119_1_MG_Nuuk_ID137_S3_StV24A_0_5_inf9_S0_L001_scaffolds
    18 DTU_2021_1010073_1_MG_Nuuk_ID87_S1_StV23C_5_10_out8_S0_L001_scaffolds
  Calculating N50 and L50...
    1  DTU_2021_1010100_1_MG_Nuuk_ID116_S2_StV23B_5_10_out2_S0_L001_scaffolds, N50 = 753, L50 = 162611, Total length = 384338680, GC % = 62.70, # N's per 100 kbp =  33.33
    2  DTU_2021_1010012_1_MG_Nar_ID18_SFB_P5_5_10_S0_L001_scaffolds, N50 = 840, L50 = 165109, Total length = 485096675, GC % = 63.43, # N's per 100 kbp =  41.59
    3  DTU_2021_1010067_1_MG_Nuuk_ID81_S1_StV23C_5_10_out2_S0_L001_scaffolds, N50 = 1023, L50 = 163659, Total length = 692488727, GC % = 60.70, # N's per 100 kbp =  37.05
    4  DTU_2021_1010184_1_MG_Nuuk_ID207_S4_StV26A_0_5_inf3_S0_L001_scaffolds, N50 = 1131, L50 = 132228, Total length = 630555777, GC % = 60.83, # N's per 100 kbp =  60.06
    5  DTU_2021_1010216_1_MG_Ser_ID454_0_Cli1_S0_L001_scaffolds, N50 = 1296, L50 = 182489, Total length = 1151752991, GC % = 62.89, # N's per 100 kbp =  72.99
    6  DTU_2021_1010143_1_MG_Nuuk_ID161_S3_StV24A_51_5955_mid12_S0_L001_scaffolds, N50 = 1618, L50 = 85495, Total length = 723716802, GC % = 64.02, # N's per 100 kbp =  82.91
    7  DTU_2021_1010148_1_MG_Nuuk_ID166_S3_StV24A_63_7165_mid17_S0_L001_scaffolds, N50 = 1405, L50 = 70009, Total length = 546796126, GC % = 63.31, # N's per 100 kbp =  36.11
    8  DTU_2021_1010197_1_MG_Nuuk_ID220_S4_StV26A_5_10_inf16_S0_L001_scaffolds, N50 = 1055, L50 = 182211, Total length = 820799355, GC % = 61.71, # N's per 100 kbp =  72.34
    9  DTU_2021_1010173_1_MG_Nuuk_ID191_S5_StNuuk_70_mid21_S0_L001_scaffolds, N50 = 1273, L50 = 102350, Total length = 605061369, GC % = 61.23, # N's per 100 kbp =  37.28
    10 DTU_2021_1010144_1_MG_Nuuk_ID162_S3_StV24A_59_6360_mid13_S0_L001_scaffolds, N50 = 1829, L50 = 77690, Total length = 881203882, GC % = 63.78, # N's per 100 kbp =  58.55
    11 DTU_2021_1010219_1_MG_Ser_ID457_0_Cli4_S0_L001_scaffolds, N50 = 1173, L50 = 115819, Total length = 592785630, GC % = 62.86, # N's per 100 kbp =  49.30
    12 DTU_2021_1010001_1_MG_Nar_ID2_SFA_P1_5_10_S0_L001_scaffolds, N50 = 934, L50 = 147823, Total length = 511778177, GC % = 60.39, # N's per 100 kbp =  42.55
    13 DTU_2021_1010095_1_MG_Nuuk_ID111_S2_StV23B_5_10_inf8_S0_L001_scaffolds, N50 = 917, L50 = 180209, Total length = 626676397, GC % = 63.15, # N's per 100 kbp =  37.16
    14 DTU_2021_1010135_1_MG_Nuuk_ID153_S3_StV24A_19_4130_mid4_S0_L001_scaffolds, N50 = 1074, L50 = 134864, Total length = 625924937, GC % = 61.29, # N's per 100 kbp =  43.76
    15 DTU_2021_1010063_1_MG_Nuuk_ID77_S1_StV23C_0_5_inf9_S0_L001_scaffolds, N50 = 831, L50 = 154804, Total length = 435948806, GC % = 60.79, # N's per 100 kbp =  31.64
    16 DTU_2021_1010209_1_MG_Ser_ID446_0_5_Sed1_S0_L001_scaffolds, N50 = 1039, L50 = 131082, Total length = 622890168, GC % = 62.57, # N's per 100 kbp =  44.17
    17 DTU_2021_1010119_1_MG_Nuuk_ID137_S3_StV24A_0_5_inf9_S0_L001_scaffolds, N50 = 975, L50 = 120059, Total length = 504292736, GC % = 62.98, # N's per 100 kbp =  36.36
    18 DTU_2021_1010073_1_MG_Nuuk_ID87_S1_StV23C_5_10_out8_S0_L001_scaffolds, N50 = 792, L50 = 95599, Total length = 285468489, GC % = 58.17, # N's per 100 kbp =  10.61
  Drawing Nx plot...
    saved to /home/projects/cge/data/projects/1214/quast/metaspades/basic_stats/Nx_plot.pdf
  Drawing cumulative plot...
    saved to /home/projects/cge/data/projects/1214/quast/metaspades/basic_stats/cumulative_plot.pdf
  Drawing GC content plot...
    saved to /home/projects/cge/data/projects/1214/quast/metaspades/basic_stats/GC_content_plot.pdf
  Drawing DTU_2021_1010100_1_MG_Nuuk_ID116_S2_StV23B_5_10_out2_S0_L001_scaffolds GC content plot...
    saved to /home/projects/cge/data/projects/1214/quast/metaspades/basic_stats/DTU_2021_1010100_1_MG_Nuuk_ID116_S2_StV23B_5_10_out2_S0_L001_scaffolds_GC_content_plot.pdf
  Drawing DTU_2021_1010012_1_MG_Nar_ID18_SFB_P5_5_10_S0_L001_scaffolds GC content plot...
    saved to /home/projects/cge/data/projects/1214/quast/metaspades/basic_stats/DTU_2021_1010012_1_MG_Nar_ID18_SFB_P5_5_10_S0_L001_scaffolds_GC_content_plot.pdf
  Drawing DTU_2021_1010067_1_MG_Nuuk_ID81_S1_StV23C_5_10_out2_S0_L001_scaffolds GC content plot...
    saved to /home/projects/cge/data/projects/1214/quast/metaspades/basic_stats/DTU_2021_1010067_1_MG_Nuuk_ID81_S1_StV23C_5_10_out2_S0_L001_scaffolds_GC_content_plot.pdf
  Drawing DTU_2021_1010184_1_MG_Nuuk_ID207_S4_StV26A_0_5_inf3_S0_L001_scaffolds GC content plot...
    saved to /home/projects/cge/data/projects/1214/quast/metaspades/basic_stats/DTU_2021_1010184_1_MG_Nuuk_ID207_S4_StV26A_0_5_inf3_S0_L001_scaffolds_GC_content_plot.pdf
  Drawing DTU_2021_1010216_1_MG_Ser_ID454_0_Cli1_S0_L001_scaffolds GC content plot...
    saved to /home/projects/cge/data/projects/1214/quast/metaspades/basic_stats/DTU_2021_1010216_1_MG_Ser_ID454_0_Cli1_S0_L001_scaffolds_GC_content_plot.pdf
  Drawing DTU_2021_1010143_1_MG_Nuuk_ID161_S3_StV24A_51_5955_mid12_S0_L001_scaffolds GC content plot...
    saved to /home/projects/cge/data/projects/1214/quast/metaspades/basic_stats/DTU_2021_1010143_1_MG_Nuuk_ID161_S3_StV24A_51_5955_mid12_S0_L001_scaffolds_GC_content_plot.pdf
  Drawing DTU_2021_1010148_1_MG_Nuuk_ID166_S3_StV24A_63_7165_mid17_S0_L001_scaffolds GC content plot...
    saved to /home/projects/cge/data/projects/1214/quast/metaspades/basic_stats/DTU_2021_1010148_1_MG_Nuuk_ID166_S3_StV24A_63_7165_mid17_S0_L001_scaffolds_GC_content_plot.pdf
  Drawing DTU_2021_1010197_1_MG_Nuuk_ID220_S4_StV26A_5_10_inf16_S0_L001_scaffolds GC content plot...
    saved to /home/projects/cge/data/projects/1214/quast/metaspades/basic_stats/DTU_2021_1010197_1_MG_Nuuk_ID220_S4_StV26A_5_10_inf16_S0_L001_scaffolds_GC_content_plot.pdf
  Drawing DTU_2021_1010173_1_MG_Nuuk_ID191_S5_StNuuk_70_mid21_S0_L001_scaffolds GC content plot...
    saved to /home/projects/cge/data/projects/1214/quast/metaspades/basic_stats/DTU_2021_1010173_1_MG_Nuuk_ID191_S5_StNuuk_70_mid21_S0_L001_scaffolds_GC_content_plot.pdf
  Drawing DTU_2021_1010144_1_MG_Nuuk_ID162_S3_StV24A_59_6360_mid13_S0_L001_scaffolds GC content plot...
    saved to /home/projects/cge/data/projects/1214/quast/metaspades/basic_stats/DTU_2021_1010144_1_MG_Nuuk_ID162_S3_StV24A_59_6360_mid13_S0_L001_scaffolds_GC_content_plot.pdf
  Drawing DTU_2021_1010219_1_MG_Ser_ID457_0_Cli4_S0_L001_scaffolds GC content plot...
    saved to /home/projects/cge/data/projects/1214/quast/metaspades/basic_stats/DTU_2021_1010219_1_MG_Ser_ID457_0_Cli4_S0_L001_scaffolds_GC_content_plot.pdf
  Drawing DTU_2021_1010001_1_MG_Nar_ID2_SFA_P1_5_10_S0_L001_scaffolds GC content plot...
    saved to /home/projects/cge/data/projects/1214/quast/metaspades/basic_stats/DTU_2021_1010001_1_MG_Nar_ID2_SFA_P1_5_10_S0_L001_scaffolds_GC_content_plot.pdf
  Drawing DTU_2021_1010095_1_MG_Nuuk_ID111_S2_StV23B_5_10_inf8_S0_L001_scaffolds GC content plot...
    saved to /home/projects/cge/data/projects/1214/quast/metaspades/basic_stats/DTU_2021_1010095_1_MG_Nuuk_ID111_S2_StV23B_5_10_inf8_S0_L001_scaffolds_GC_content_plot.pdf
  Drawing DTU_2021_1010135_1_MG_Nuuk_ID153_S3_StV24A_19_4130_mid4_S0_L001_scaffolds GC content plot...
    saved to /home/projects/cge/data/projects/1214/quast/metaspades/basic_stats/DTU_2021_1010135_1_MG_Nuuk_ID153_S3_StV24A_19_4130_mid4_S0_L001_scaffolds_GC_content_plot.pdf
  Drawing DTU_2021_1010063_1_MG_Nuuk_ID77_S1_StV23C_0_5_inf9_S0_L001_scaffolds GC content plot...
    saved to /home/projects/cge/data/projects/1214/quast/metaspades/basic_stats/DTU_2021_1010063_1_MG_Nuuk_ID77_S1_StV23C_0_5_inf9_S0_L001_scaffolds_GC_content_plot.pdf
  Drawing DTU_2021_1010209_1_MG_Ser_ID446_0_5_Sed1_S0_L001_scaffolds GC content plot...
    saved to /home/projects/cge/data/projects/1214/quast/metaspades/basic_stats/DTU_2021_1010209_1_MG_Ser_ID446_0_5_Sed1_S0_L001_scaffolds_GC_content_plot.pdf
  Drawing DTU_2021_1010119_1_MG_Nuuk_ID137_S3_StV24A_0_5_inf9_S0_L001_scaffolds GC content plot...
    saved to /home/projects/cge/data/projects/1214/quast/metaspades/basic_stats/DTU_2021_1010119_1_MG_Nuuk_ID137_S3_StV24A_0_5_inf9_S0_L001_scaffolds_GC_content_plot.pdf
  Drawing DTU_2021_1010073_1_MG_Nuuk_ID87_S1_StV23C_5_10_out8_S0_L001_scaffolds GC content plot...
    saved to /home/projects/cge/data/projects/1214/quast/metaspades/basic_stats/DTU_2021_1010073_1_MG_Nuuk_ID87_S1_StV23C_5_10_out8_S0_L001_scaffolds_GC_content_plot.pdf
  Drawing Coverage histogram (bin size: 1x)...
    saved to /home/projects/cge/data/projects/1214/quast/metaspades/basic_stats/coverage_histogram.pdf
  Drawing DTU_2021_1010100_1_MG_Nuuk_ID116_S2_StV23B_5_10_out2_S0_L001_scaffolds coverage histogram (bin size: 1x)...
    saved to /home/projects/cge/data/projects/1214/quast/metaspades/basic_stats/DTU_2021_1010100_1_MG_Nuuk_ID116_S2_StV23B_5_10_out2_S0_L001_scaffolds_coverage_histogram.pdf
  Drawing DTU_2021_1010012_1_MG_Nar_ID18_SFB_P5_5_10_S0_L001_scaffolds coverage histogram (bin size: 1x)...
    saved to /home/projects/cge/data/projects/1214/quast/metaspades/basic_stats/DTU_2021_1010012_1_MG_Nar_ID18_SFB_P5_5_10_S0_L001_scaffolds_coverage_histogram.pdf
  Drawing DTU_2021_1010067_1_MG_Nuuk_ID81_S1_StV23C_5_10_out2_S0_L001_scaffolds coverage histogram (bin size: 1x)...
    saved to /home/projects/cge/data/projects/1214/quast/metaspades/basic_stats/DTU_2021_1010067_1_MG_Nuuk_ID81_S1_StV23C_5_10_out2_S0_L001_scaffolds_coverage_histogram.pdf
  Drawing DTU_2021_1010184_1_MG_Nuuk_ID207_S4_StV26A_0_5_inf3_S0_L001_scaffolds coverage histogram (bin size: 1x)...
    saved to /home/projects/cge/data/projects/1214/quast/metaspades/basic_stats/DTU_2021_1010184_1_MG_Nuuk_ID207_S4_StV26A_0_5_inf3_S0_L001_scaffolds_coverage_histogram.pdf
  Drawing DTU_2021_1010216_1_MG_Ser_ID454_0_Cli1_S0_L001_scaffolds coverage histogram (bin size: 1x)...
    saved to /home/projects/cge/data/projects/1214/quast/metaspades/basic_stats/DTU_2021_1010216_1_MG_Ser_ID454_0_Cli1_S0_L001_scaffolds_coverage_histogram.pdf
  Drawing DTU_2021_1010143_1_MG_Nuuk_ID161_S3_StV24A_51_5955_mid12_S0_L001_scaffolds coverage histogram (bin size: 1x)...
    saved to /home/projects/cge/data/projects/1214/quast/metaspades/basic_stats/DTU_2021_1010143_1_MG_Nuuk_ID161_S3_StV24A_51_5955_mid12_S0_L001_scaffolds_coverage_histogram.pdf
  Drawing DTU_2021_1010148_1_MG_Nuuk_ID166_S3_StV24A_63_7165_mid17_S0_L001_scaffolds coverage histogram (bin size: 1x)...
    saved to /home/projects/cge/data/projects/1214/quast/metaspades/basic_stats/DTU_2021_1010148_1_MG_Nuuk_ID166_S3_StV24A_63_7165_mid17_S0_L001_scaffolds_coverage_histogram.pdf
  Drawing DTU_2021_1010197_1_MG_Nuuk_ID220_S4_StV26A_5_10_inf16_S0_L001_scaffolds coverage histogram (bin size: 1x)...
    saved to /home/projects/cge/data/projects/1214/quast/metaspades/basic_stats/DTU_2021_1010197_1_MG_Nuuk_ID220_S4_StV26A_5_10_inf16_S0_L001_scaffolds_coverage_histogram.pdf
  Drawing DTU_2021_1010173_1_MG_Nuuk_ID191_S5_StNuuk_70_mid21_S0_L001_scaffolds coverage histogram (bin size: 1x)...
    saved to /home/projects/cge/data/projects/1214/quast/metaspades/basic_stats/DTU_2021_1010173_1_MG_Nuuk_ID191_S5_StNuuk_70_mid21_S0_L001_scaffolds_coverage_histogram.pdf
  Drawing DTU_2021_1010144_1_MG_Nuuk_ID162_S3_StV24A_59_6360_mid13_S0_L001_scaffolds coverage histogram (bin size: 1x)...
    saved to /home/projects/cge/data/projects/1214/quast/metaspades/basic_stats/DTU_2021_1010144_1_MG_Nuuk_ID162_S3_StV24A_59_6360_mid13_S0_L001_scaffolds_coverage_histogram.pdf
  Drawing DTU_2021_1010219_1_MG_Ser_ID457_0_Cli4_S0_L001_scaffolds coverage histogram (bin size: 1x)...
    saved to /home/projects/cge/data/projects/1214/quast/metaspades/basic_stats/DTU_2021_1010219_1_MG_Ser_ID457_0_Cli4_S0_L001_scaffolds_coverage_histogram.pdf
  Drawing DTU_2021_1010001_1_MG_Nar_ID2_SFA_P1_5_10_S0_L001_scaffolds coverage histogram (bin size: 1x)...
    saved to /home/projects/cge/data/projects/1214/quast/metaspades/basic_stats/DTU_2021_1010001_1_MG_Nar_ID2_SFA_P1_5_10_S0_L001_scaffolds_coverage_histogram.pdf
  Drawing DTU_2021_1010095_1_MG_Nuuk_ID111_S2_StV23B_5_10_inf8_S0_L001_scaffolds coverage histogram (bin size: 1x)...
    saved to /home/projects/cge/data/projects/1214/quast/metaspades/basic_stats/DTU_2021_1010095_1_MG_Nuuk_ID111_S2_StV23B_5_10_inf8_S0_L001_scaffolds_coverage_histogram.pdf
  Drawing DTU_2021_1010135_1_MG_Nuuk_ID153_S3_StV24A_19_4130_mid4_S0_L001_scaffolds coverage histogram (bin size: 1x)...
    saved to /home/projects/cge/data/projects/1214/quast/metaspades/basic_stats/DTU_2021_1010135_1_MG_Nuuk_ID153_S3_StV24A_19_4130_mid4_S0_L001_scaffolds_coverage_histogram.pdf
  Drawing DTU_2021_1010063_1_MG_Nuuk_ID77_S1_StV23C_0_5_inf9_S0_L001_scaffolds coverage histogram (bin size: 1x)...
    saved to /home/projects/cge/data/projects/1214/quast/metaspades/basic_stats/DTU_2021_1010063_1_MG_Nuuk_ID77_S1_StV23C_0_5_inf9_S0_L001_scaffolds_coverage_histogram.pdf
  Drawing DTU_2021_1010209_1_MG_Ser_ID446_0_5_Sed1_S0_L001_scaffolds coverage histogram (bin size: 1x)...
    saved to /home/projects/cge/data/projects/1214/quast/metaspades/basic_stats/DTU_2021_1010209_1_MG_Ser_ID446_0_5_Sed1_S0_L001_scaffolds_coverage_histogram.pdf
  Drawing DTU_2021_1010119_1_MG_Nuuk_ID137_S3_StV24A_0_5_inf9_S0_L001_scaffolds coverage histogram (bin size: 1x)...
    saved to /home/projects/cge/data/projects/1214/quast/metaspades/basic_stats/DTU_2021_1010119_1_MG_Nuuk_ID137_S3_StV24A_0_5_inf9_S0_L001_scaffolds_coverage_histogram.pdf
  Drawing DTU_2021_1010073_1_MG_Nuuk_ID87_S1_StV23C_5_10_out8_S0_L001_scaffolds coverage histogram (bin size: 1x)...
    saved to /home/projects/cge/data/projects/1214/quast/metaspades/basic_stats/DTU_2021_1010073_1_MG_Nuuk_ID87_S1_StV23C_5_10_out8_S0_L001_scaffolds_coverage_histogram.pdf
Done.

NOTICE: Genes are not predicted by default. Use --gene-finding or --glimmer option to enable it.

2022-02-09 15:52:40
Creating large visual summaries...
This may take a while: press Ctrl-C to skip this step..
  1 of 2: Creating Icarus viewers...
  2 of 2: Creating PDF with all tables and plots...
Done

2022-02-09 16:12:05
RESULTS:
  Text versions of total report are saved to /home/projects/cge/data/projects/1214/quast/metaspades/report.txt, report.tsv, and report.tex
  Text versions of transposed total report are saved to /home/projects/cge/data/projects/1214/quast/metaspades/transposed_report.txt, transposed_report.tsv, and transposed_report.tex
  HTML version (interactive tables and plots) is saved to /home/projects/cge/data/projects/1214/quast/metaspades/report.html
  PDF version (tables and plots) is saved to /home/projects/cge/data/projects/1214/quast/metaspades/report.pdf
  Icarus (contig browser) is saved to /home/projects/cge/data/projects/1214/quast/metaspades/icarus.html
  Log is saved to /home/projects/cge/data/projects/1214/quast/metaspades/quast.log

Finished: 2022-02-09 16:12:08
Elapsed time: 0:48:49.731225
NOTICEs: 2; WARNINGs: 0; non-fatal ERRORs: 0

Thank you for using QUAST!
